 
****************************************
Report : clocks
Design : ChipTop
Version: K-2015.06
Date   : Wed Apr  5 17:11:47 2023
****************************************

Attributes:
    d - dont_touch_network
    f - fix_hold
    p - propagated_clock
    G - generated_clock
    g - lib_generated_clock

Clock          Period   Waveform            Attrs     Sources
--------------------------------------------------------------------------------
JTAG_CLK        50.00   {0 25}              d         {jtag_TCK}
REF_CLK         20.00   {0 10}              d         {clock_clock}
clk_gating      20.00   {0 10}              G         {gated_clock_debug_clock_gate/out}
--------------------------------------------------------------------------------

Generated     Master         Generated      Master         Waveform
Clock         Source         Source         Clock          Modification
--------------------------------------------------------------------------------
clk_gating    system/auto_subsystem_cbus_fixedClockNode_out_clock
                             {gated_clock_debug_clock_gate/out}
                                            REF_CLK        divide_by(1)
--------------------------------------------------------------------------------
1
